<?xml version="1.0" encoding="UTF-8"?>
<!-- Generated by org.testng.reporters.JUnitXMLReporter -->
<testsuite ignored="0" hostname="LAPTOP-4RN0ANDJ" failures="0" tests="3" name="Test2" time="12.925" errors="0" timestamp="2025-09-29T17:00:06 IST">
  <testcase classname="com.comcast.crm.WithBaseClass2.CreateAssignmentTestwithBaseClass2" name="CreateLeadsTest" time="0.0">
    <skipped/>
  </testcase> <!-- CreateLeadsTest -->
  <testcase classname="com.comcast.crm.WithBaseClass2.CreateAssignmentTestwithBaseClass2" name="CreateProductsTest" time="0.0">
    <skipped/>
  </testcase> <!-- CreateProductsTest -->
  <testcase classname="com.comcast.crm.WithBaseClass2.CreateAssignmentTestwithBaseClass2" name="CreateProjectsTest" time="0.0">
    <skipped/>
  </testcase> <!-- CreateProjectsTest -->
</testsuite> <!-- Test2 -->
