<?xml version="1.0" encoding="UTF-8"?>
<!-- Generated by org.testng.reporters.JUnitXMLReporter -->
<testsuite ignored="8" hostname="LAPTOP-4RN0ANDJ" failures="0" tests="1" name="Test" time="140.33" errors="0" timestamp="2025-09-28T22:40:40 IST">
  <testcase classname="com.comcast.crm.baseClassExecution.ContactTestExecutionWithBaseClass" name="createContactTest" time="82.695"/>
  <testcase classname="com.comcast.crm.baseClassExecution.AssignmentTestwithBaseClass" name="CreateProjectsTest" time="0.0">
    <ignored/>
  </testcase> <!-- CreateProjectsTest -->
  <testcase classname="com.comcast.crm.baseClassExecution.ContactTestExecutionWithBaseClass" name="CreateContactwithOrganizationTest" time="0.0">
    <ignored/>
  </testcase> <!-- CreateContactwithOrganizationTest -->
  <testcase classname="com.comcast.crm.baseClassExecution.AssignmentTestwithBaseClass" name="CreateProductsTest" time="0.0">
    <ignored/>
  </testcase> <!-- CreateProductsTest -->
  <testcase classname="com.comcast.crm.baseClassExecution.ContactTestExecutionWithBaseClass" name="CreateContactwithSouportDateTest" time="0.0">
    <ignored/>
  </testcase> <!-- CreateContactwithSouportDateTest -->
  <testcase classname="com.comcast.crm.generic.baseClassutility.BaseClass" name="@BeforeSuite configBS" time="0.0">
    <ignored/>
  </testcase> <!-- @BeforeSuite configBS -->
  <testcase classname="com.comcast.crm.baseClassExecution.AssignmentTestwithBaseClass" name="CreateLeadsTest" time="0.0">
    <ignored/>
  </testcase> <!-- CreateLeadsTest -->
  <testcase classname="com.comcast.crm.generic.baseClassutility.BaseClass" name="@AfterSuite ConfigAS" time="0.0">
    <ignored/>
  </testcase> <!-- @AfterSuite ConfigAS -->
  <testcase classname="com.comcast.crm.baseClassExecution.AssignmentTestwithBaseClass" name="TroubleTicketTest" time="0.0">
    <ignored/>
  </testcase> <!-- TroubleTicketTest -->
</testsuite> <!-- Test -->
