<?xml version="1.0" encoding="UTF-8"?>
<!-- Generated by org.testng.reporters.JUnitReportReporter -->
<testsuite hostname="LAPTOP-4RN0ANDJ" failures="0" tests="3" name="com.comcast.crm.Testng.CreateContact_DataProvider_Test2" time="0.024" errors="0" timestamp="2025-09-08T16:08:37 IST" skipped="0">
  <testcase classname="com.comcast.crm.Testng.CreateContact_DataProvider_Test2" name="createContactTest" time="0.002"/>
  <testcase classname="com.comcast.crm.Testng.CreateContact_DataProvider_Test2" name="createContactTest" time="0.019"/>
  <testcase classname="com.comcast.crm.Testng.CreateContact_DataProvider_Test2" name="createContactTest" time="0.003"/>
</testsuite> <!-- com.comcast.crm.Testng.CreateContact_DataProvider_Test2 -->
