<?xml version="1.0" encoding="UTF-8"?>
<!-- Generated by org.testng.reporters.JUnitReportReporter -->
<testsuite hostname="LAPTOP-4RN0ANDJ" failures="0" tests="2" name="com.comcast.crm.generic.baseClassutility.PracticeBaseClass" time="0.078" errors="0" timestamp="2025-09-28T22:29:22 IST" skipped="0">
  <testcase classname="com.comcast.crm.generic.baseClassutility.PracticeBaseClass" name="Test" time="0.048">
    <system-out>
      <![CDATA[Test 2 got exected]]>
    </system-out>
  </testcase> <!-- Test -->
  <testcase classname="com.comcast.crm.generic.baseClassutility.PracticeBaseClass" name="Test2" time="0.030">
    <system-out>
      <![CDATA[Test 1 got exected]]>
    </system-out>
  </testcase> <!-- Test2 -->
  <system-out>
    <![CDATA[BeforeSuite got executed
BeforeSuite 1 got executed
BeforeTest got executed
BeforeTest 1 got executed
BeforeClass got executed
BeforeClass 1 got executed
BeforeMethod got executed
BeforeMethod 1 got executed
Test 2 got exected
AfterMethod got exected
AfterMethod 1 got exected
BeforeMethod got executed
BeforeMethod 1 got executed
Test 1 got exected
AfterMethod got exected
AfterMethod 1 got exected
AfterClass got exected
AfterClass 1 got exected
AfterTest got exected
AfterTest 1 got exected
Aftersuite got exected
Aftersuite 1 got exected]]>
  </system-out>
</testsuite> <!-- com.comcast.crm.generic.baseClassutility.PracticeBaseClass -->
