<?xml version="1.0" encoding="UTF-8"?>
<!-- Generated by org.testng.reporters.JUnitReportReporter -->
<testsuite hostname="LAPTOP-4RN0ANDJ" failures="0" tests="3" name="com.comcast.crm.Testng.CreateContact_DataProvider_Test" time="0.032" errors="0" timestamp="2025-09-08T16:04:38 IST" skipped="0">
  <testcase classname="com.comcast.crm.Testng.CreateContact_DataProvider_Test" name="createContactTest" time="0.024"/>
  <testcase classname="com.comcast.crm.Testng.CreateContact_DataProvider_Test" name="createContactTest" time="0.004"/>
  <testcase classname="com.comcast.crm.Testng.CreateContact_DataProvider_Test" name="createContactTest" time="0.004"/>
</testsuite> <!-- com.comcast.crm.Testng.CreateContact_DataProvider_Test -->
