<?xml version="1.0" encoding="UTF-8"?>
<!-- Generated by org.testng.reporters.JUnitReportReporter -->
<testsuite hostname="LAPTOP-4RN0ANDJ" failures="0" tests="1" name="com.comcast.crm.baseClassExecution.AssignmentTestwithBaseClass" time="40.076" errors="0" timestamp="2025-09-26T11:21:02 IST" skipped="0">
  <testcase classname="com.comcast.crm.baseClassExecution.AssignmentTestwithBaseClass" name="CreateProjectsTest" time="40.076"/>
</testsuite> <!-- com.comcast.crm.baseClassExecution.AssignmentTestwithBaseClass -->
