<?xml version="1.0" encoding="UTF-8"?>
<!-- Generated by org.testng.reporters.JUnitReportReporter -->
<testsuite hostname="LAPTOP-4RN0ANDJ" failures="0" tests="1" name="com.comcast.crm.baseClassExecution.CreateContactwithorganization" time="49.002" errors="0" timestamp="2025-09-10T14:47:05 IST" skipped="0">
  <testcase classname="com.comcast.crm.baseClassExecution.CreateContactwithorganization" name="CreateContactwithOrganization" time="49.002"/>
</testsuite> <!-- com.comcast.crm.baseClassExecution.CreateContactwithorganization -->
