<?xml version="1.0" encoding="UTF-8"?>
<!-- Generated by org.testng.reporters.JUnitReportReporter -->
<testsuite hostname="LAPTOP-4RN0ANDJ" failures="0" tests="3" name="com.comcast.crm.Testng.Testngpriority" time="0.022" errors="0" timestamp="2025-09-08T15:40:13 IST" skipped="0">
  <testcase classname="com.comcast.crm.Testng.Testngpriority" name="CreateContact" time="0.016"/>
  <testcase classname="com.comcast.crm.Testng.Testngpriority" name="Modifycontact" time="0.003"/>
  <testcase classname="com.comcast.crm.Testng.Testngpriority" name="DeleteContact" time="0.003"/>
</testsuite> <!-- com.comcast.crm.Testng.Testngpriority -->
