<?xml version="1.0" encoding="UTF-8"?>
<!-- Generated by org.testng.reporters.JUnitReportReporter -->
<testsuite hostname="LAPTOP-4RN0ANDJ" failures="0" tests="3" name="com.comcast.crm.ExtentReport.SampleReport" time="25.884" errors="0" timestamp="2025-09-11T15:31:56 IST" skipped="0">
  <testcase classname="com.comcast.crm.ExtentReport.SampleReport" name="createContactTest" time="0.046"/>
  <testcase classname="com.comcast.crm.ExtentReport.SampleReport" name="createContactwithOrgTest" time="0.005"/>
  <testcase classname="com.comcast.crm.ExtentReport.SampleReport" name="createContactwithScreenshotTest" time="25.833"/>
</testsuite> <!-- com.comcast.crm.ExtentReport.SampleReport -->
