<?xml version="1.0" encoding="UTF-8"?>
<!-- Generated by org.testng.reporters.JUnitReportReporter -->
<testsuite hostname="LAPTOP-4RN0ANDJ" failures="0" tests="3" name="com.comcast.crm.Testng.GetProductInfo" time="26.519" errors="0" timestamp="2025-09-08T19:16:53 IST" skipped="0">
  <testcase classname="com.comcast.crm.Testng.GetProductInfo" name="getProductInfo" time="6.643"/>
  <testcase classname="com.comcast.crm.Testng.GetProductInfo" name="getProductInfo" time="9.719"/>
  <testcase classname="com.comcast.crm.Testng.GetProductInfo" name="getProductInfo" time="10.157"/>
</testsuite> <!-- com.comcast.crm.Testng.GetProductInfo -->
