<?xml version="1.0" encoding="UTF-8"?>
<!-- Generated by org.testng.reporters.JUnitReportReporter -->
<testsuite hostname="LAPTOP-4RN0ANDJ" failures="0" tests="1" name="com.comcast.crm.baseClassExecution.OrganizationTestWithBaseCLass" time="26.704" errors="0" timestamp="2025-09-26T10:57:14 IST" skipped="0">
  <testcase classname="com.comcast.crm.baseClassExecution.OrganizationTestWithBaseCLass" name="CreateOrgwithphonenumber" time="26.704"/>
</testsuite> <!-- com.comcast.crm.baseClassExecution.OrganizationTestWithBaseCLass -->
