<?xml version="1.0" encoding="UTF-8"?>
<!-- Generated by org.testng.reporters.JUnitReportReporter -->
<testsuite hostname="LAPTOP-4RN0ANDJ" failures="0" tests="1" name="com.comcast.crm.baseClassExecution.ContactTestExecutionWithBaseClass" time="112.770" errors="0" timestamp="2025-09-28T22:40:41 IST" skipped="0">
  <testcase classname="com.comcast.crm.baseClassExecution.ContactTestExecutionWithBaseClass" name="createContactTest" time="112.770"/>
</testsuite> <!-- com.comcast.crm.baseClassExecution.ContactTestExecutionWithBaseClass -->
