<?xml version="1.0" encoding="UTF-8"?>
<!-- Generated by org.testng.reporters.JUnitReportReporter -->
<testsuite hostname="LAPTOP-4RN0ANDJ" failures="0" tests="11" name="com.comcast.crm.Testng.TestNgInvocationCount" time="0.036" errors="0" timestamp="2025-09-08T15:48:41 IST" skipped="0">
  <testcase classname="com.comcast.crm.Testng.TestNgInvocationCount" name="createOrderTest" time="0.002"/>
  <testcase classname="com.comcast.crm.Testng.TestNgInvocationCount" name="createOrderTest" time="0.002"/>
  <testcase classname="com.comcast.crm.Testng.TestNgInvocationCount" name="billingandOrderTest" time="0.017"/>
  <testcase classname="com.comcast.crm.Testng.TestNgInvocationCount" name="createOrderTest" time="0.001"/>
  <testcase classname="com.comcast.crm.Testng.TestNgInvocationCount" name="createOrderTest" time="0.003"/>
  <testcase classname="com.comcast.crm.Testng.TestNgInvocationCount" name="createOrderTest" time="0.001"/>
  <testcase classname="com.comcast.crm.Testng.TestNgInvocationCount" name="createOrderTest" time="0.002"/>
  <testcase classname="com.comcast.crm.Testng.TestNgInvocationCount" name="createOrderTest" time="0.002"/>
  <testcase classname="com.comcast.crm.Testng.TestNgInvocationCount" name="createOrderTest" time="0.002"/>
  <testcase classname="com.comcast.crm.Testng.TestNgInvocationCount" name="createOrderTest" time="0.002"/>
  <testcase classname="com.comcast.crm.Testng.TestNgInvocationCount" name="createOrderTest" time="0.002"/>
</testsuite> <!-- com.comcast.crm.Testng.TestNgInvocationCount -->
